
> tourist-backend@1.0.0 start
> node src/server.js

[dotenv@17.3.1] injecting env (27) from .env -- tip: 🔐 prevent building .env in docker: https://dotenvx.com/prebuild
Server running on http://localhost:5000
[0mGET /api/users [32m200[0m 70.455 ms - 9805[0m
[0mGET /api/users [36m304[0m 3.881 ms - -[0m
[0mGET /uploads/tour-1774728306602-d9a3a640-8196-41a7-b5d4-fc0cebad161f.webp [33m404[0m 13.413 ms - 116[0m
[0mGET /uploads/tour-1774694696771-ccb2159f-9945-441f-a117-cdbd3269a511.webp [33m404[0m 52.745 ms - 116[0m
[0mGET /uploads/seed-1774693490750-25-b3749cb6-6f78-4fed-8999-506c6c86a6b6.webp [33m404[0m 54.912 ms - 119[0m
[0mGET /uploads/seed-1774693490446-24-0820f445-572b-4ac3-96d0-825dcfa0a44e.webp [33m404[0m 2.248 ms - 119[0m
[0mGET /uploads/seed-1774693488166-23-eab2416e-c671-4c0d-ae3f-037391e4433d.webp [33m404[0m 5.721 ms - 119[0m
[0mGET /uploads/seed-1774693486349-22-4a143c13-81d1-4eee-bc93-cde2e4850e82.webp [33m404[0m 2.982 ms - 119[0m
[0mGET /uploads/seed-1774693486090-21-1a3a6ef6-3238-4a40-8a68-66c61fcf4168.webp [33m404[0m 3.036 ms - 119[0m
[0mGET /uploads/seed-1774693485932-20-ae0a77a1-e506-425a-b9a6-de095f240d1c.webp [33m404[0m 6.776 ms - 119[0m
[0mGET /uploads/seed-1774693484582-19-68883af9-cd6d-4ebf-9ff3-82c650bf453e.webp [33m404[0m 6.707 ms - 119[0m
[0mGET /uploads/seed-1774693482400-18-3b221abf-88f4-4804-9419-be915e4baaa2.webp [33m404[0m 1.326 ms - 119[0m
[0mGET /uploads/seed-1774693481104-17-a71f0742-ec91-4221-9090-3b6ff7c03b26.webp [33m404[0m 2.236 ms - 119[0m
[0mGET /uploads/seed-1774693480890-16-77a10de9-bab2-4ae4-866a-7ddb6d3f8604.webp [33m404[0m 2.356 ms - 119[0m
[0mGET /uploads/seed-1774693480646-15-52c4006d-485e-425e-80ff-5d6e2d582845.webp [33m404[0m 1.828 ms - 119[0m
[0mGET /uploads/seed-1774693480505-14-7a0414d9-8de0-4fe4-b572-a57de09e4ba3.webp [33m404[0m 1.669 ms - 119[0m
[0mGET /uploads/seed-1774693480250-13-e61f4788-c7f4-4c22-b142-32c1df9b8694.webp [33m404[0m 2.183 ms - 119[0m
[0mGET /uploads/seed-1774693479961-12-266eae54-32f7-4623-89aa-bf9acd1404fb.webp [33m404[0m 1.501 ms - 119[0m
[0mGET /uploads/seed-1774693479700-11-d95a5af0-247d-428e-9b29-24ddfef51302.webp [33m404[0m 2.633 ms - 119[0m
[0mGET /uploads/seed-1774693479424-10-76215468-d1fb-46e2-8932-dfa6889f342a.webp [33m404[0m 3.119 ms - 119[0m
[0mGET /uploads/seed-1774693479095-9-dca798c1-4449-4249-829c-ad33a93e4b65.webp [33m404[0m 2.257 ms - 118[0m
[0mGET /uploads/seed-1774693478949-8-a6b0e260-3c25-41a8-ab76-2c72908aa7fa.webp [33m404[0m 5.572 ms - 118[0m
[0mGET /uploads/seed-1774693478764-7-7b38b595-1180-4d1b-8984-34684c71d10f.webp [33m404[0m 5.625 ms - 118[0m
[0mGET /api/users [36m304[0m 3.039 ms - -[0m
[0mGET /api/users [36m304[0m 1.938 ms - -[0m
[0mGET /api/users [36m304[0m 1.985 ms - -[0m
[0mGET /api/users [36m304[0m 2.023 ms - -[0m
[0mGET /api/users [36m304[0m 1.741 ms - -[0m
[0mGET /api/users [36m304[0m 1.683 ms - -[0m
[0mGET /api/users [36m304[0m 1.061 ms - -[0m
[0mGET /api/users [36m304[0m 2.419 ms - -[0m
[0mGET /uploads/tour-1774728306602-d9a3a640-8196-41a7-b5d4-fc0cebad161f.webp [33m404[0m 1.620 ms - 116[0m
[0mGET /uploads/tour-1774694696771-ccb2159f-9945-441f-a117-cdbd3269a511.webp [33m404[0m 1.745 ms - 116[0m
[0mGET /uploads/seed-1774693490750-25-b3749cb6-6f78-4fed-8999-506c6c86a6b6.webp [33m404[0m 2.540 ms - 119[0m
[0mGET /uploads/seed-1774693490446-24-0820f445-572b-4ac3-96d0-825dcfa0a44e.webp [33m404[0m 2.206 ms - 119[0m
[0mGET /uploads/seed-1774693488166-23-eab2416e-c671-4c0d-ae3f-037391e4433d.webp [33m404[0m 4.931 ms - 119[0m
[0mGET /uploads/seed-1774693486349-22-4a143c13-81d1-4eee-bc93-cde2e4850e82.webp [33m404[0m 5.328 ms - 119[0m
[0mGET /uploads/seed-1774693486090-21-1a3a6ef6-3238-4a40-8a68-66c61fcf4168.webp [33m404[0m 2.855 ms - 119[0m
[0mGET /uploads/seed-1774693485932-20-ae0a77a1-e506-425a-b9a6-de095f240d1c.webp [33m404[0m 5.838 ms - 119[0m
[0mGET /uploads/seed-1774693484582-19-68883af9-cd6d-4ebf-9ff3-82c650bf453e.webp [33m404[0m 6.118 ms - 119[0m
[0mGET /uploads/seed-1774693482400-18-3b221abf-88f4-4804-9419-be915e4baaa2.webp [33m404[0m 3.180 ms - 119[0m
[0mGET /uploads/seed-1774693481104-17-a71f0742-ec91-4221-9090-3b6ff7c03b26.webp [33m404[0m 6.223 ms - 119[0m
[0mGET /uploads/seed-1774693480890-16-77a10de9-bab2-4ae4-866a-7ddb6d3f8604.webp [33m404[0m 6.071 ms - 119[0m
[0mGET /uploads/seed-1774693480646-15-52c4006d-485e-425e-80ff-5d6e2d582845.webp [33m404[0m 2.625 ms - 119[0m
[0mGET /uploads/seed-1774693480505-14-7a0414d9-8de0-4fe4-b572-a57de09e4ba3.webp [33m404[0m 3.592 ms - 119[0m
[0mGET /uploads/seed-1774693480250-13-e61f4788-c7f4-4c22-b142-32c1df9b8694.webp [33m404[0m 3.644 ms - 119[0m
[0mGET /uploads/seed-1774693479961-12-266eae54-32f7-4623-89aa-bf9acd1404fb.webp [33m404[0m 1.975 ms - 119[0m
[0mGET /uploads/seed-1774693479700-11-d95a5af0-247d-428e-9b29-24ddfef51302.webp [33m404[0m 4.415 ms - 119[0m
[0mGET /uploads/seed-1774693479424-10-76215468-d1fb-46e2-8932-dfa6889f342a.webp [33m404[0m 4.947 ms - 119[0m
[0mGET /uploads/seed-1774693479095-9-dca798c1-4449-4249-829c-ad33a93e4b65.webp [33m404[0m 2.061 ms - 118[0m
[0mGET /uploads/seed-1774693478949-8-a6b0e260-3c25-41a8-ab76-2c72908aa7fa.webp [33m404[0m 4.619 ms - 118[0m
[0mGET /uploads/seed-1774693478764-7-7b38b595-1180-4d1b-8984-34684c71d10f.webp [33m404[0m 5.155 ms - 118[0m
[0mGET /uploads/seed-1774693478461-6-da9a0a0c-7577-4343-a5a1-1f179d1f2087.webp [33m404[0m 1.288 ms - 118[0m
[0mGET /uploads/seed-1774693478160-5-f6714878-9c1b-4a9e-ad91-88e592fb318c.webp [33m404[0m 4.099 ms - 118[0m
[0mGET /uploads/seed-1774693475509-4-eacd2e64-2c2a-4cf0-949f-19176691fcec.webp [33m404[0m 1.460 ms - 118[0m
[0mGET /uploads/seed-1774693475333-3-155ffeb8-527a-479c-945f-ab957c93fdd0.webp [33m404[0m 2.499 ms - 118[0m
[0mGET /uploads/seed-1774693473364-2-41ca57f0-eab7-4620-aa60-737aaa3d9d6b.webp [33m404[0m 5.423 ms - 118[0m
[0mGET /uploads/seed-1774693473063-1-9d448440-9bfc-4f74-a9a6-65cb20125f8f.webp [33m404[0m 5.537 ms - 118[0m
[0mGET /api/users [32m200[0m 53.305 ms - 9805[0m
[0mGET /uploads/tour-1774728306602-d9a3a640-8196-41a7-b5d4-fc0cebad161f.webp [33m404[0m 49.247 ms - 116[0m
[0mGET /api/users [0m-[0m - ms - -[0m
[0mGET /api/users [32m200[0m 2.425 ms - 9805[0m
[0mGET /api/users [36m304[0m 2.840 ms - -[0m
[0mGET /uploads/tour-1774728306602-d9a3a640-8196-41a7-b5d4-fc0cebad161f.webp [0m-[0m - ms - -[0m
[0mGET /api/users [36m304[0m 3.796 ms - -[0m
[0mGET /api/users [36m304[0m 2.475 ms - -[0m
[0mGET /uploads/tour-1774728306602-d9a3a640-8196-41a7-b5d4-fc0cebad161f.webp [0m-[0m - ms - -[0m
[0mGET /api/users [36m304[0m 2.756 ms - -[0m
[0mGET /api/users [36m304[0m 5.285 ms - -[0m
[0mGET /uploads/seed-1774693490446-24-0820f445-572b-4ac3-96d0-825dcfa0a44e.webp [0m-[0m - ms - -[0m
[0mGET /uploads/seed-1774693486349-22-4a143c13-81d1-4eee-bc93-cde2e4850e82.webp [0m-[0m - ms - -[0m
[0mGET /uploads/seed-1774693488166-23-eab2416e-c671-4c0d-ae3f-037391e4433d.webp [0m-[0m - ms - -[0m
[0mGET /uploads/tour-1774694696771-ccb2159f-9945-441f-a117-cdbd3269a511.webp [0m-[0m - ms - -[0m
[0mGET /uploads/seed-1774693490750-25-b3749cb6-6f78-4fed-8999-506c6c86a6b6.webp [0m-[0m - ms - -[0m
[0mGET /uploads/tour-1774728306602-d9a3a640-8196-41a7-b5d4-fc0cebad161f.webp [33m404[0m 16.672 ms - 116[0m
[0mGET /api/users [36m304[0m 6.439 ms - -[0m
[0mGET /api/users [36m304[0m 2.502 ms - -[0m
[0mGET /api/users [36m304[0m 2.232 ms - -[0m
[0mGET /api/users [36m304[0m 3.131 ms - -[0m
[0mGET /uploads/tour-1774728306602-d9a3a640-8196-41a7-b5d4-fc0cebad161f.webp [33m404[0m 5.230 ms - 116[0m
[0mGET /uploads/tour-1774694696771-ccb2159f-9945-441f-a117-cdbd3269a511.webp [33m404[0m 8.668 ms - 116[0m
[0mGET /uploads/seed-1774693490750-25-b3749cb6-6f78-4fed-8999-506c6c86a6b6.webp [33m404[0m 7.578 ms - 119[0m
[0mGET /uploads/seed-1774693490446-24-0820f445-572b-4ac3-96d0-825dcfa0a44e.webp [33m404[0m 8.887 ms - 119[0m
[0mGET /uploads/seed-1774693488166-23-eab2416e-c671-4c0d-ae3f-037391e4433d.webp [33m404[0m 9.479 ms - 119[0m
[0mGET /uploads/seed-1774693486349-22-4a143c13-81d1-4eee-bc93-cde2e4850e82.webp [33m404[0m 12.475 ms - 119[0m
[0mGET /uploads/seed-1774693486090-21-1a3a6ef6-3238-4a40-8a68-66c61fcf4168.webp [33m404[0m 9.379 ms - 119[0m
[0mGET /uploads/seed-1774693485932-20-ae0a77a1-e506-425a-b9a6-de095f240d1c.webp [33m404[0m 10.391 ms - 119[0m
[0mGET /uploads/seed-1774693484582-19-68883af9-cd6d-4ebf-9ff3-82c650bf453e.webp [33m404[0m 6.014 ms - 119[0m
[0mGET /uploads/seed-1774693482400-18-3b221abf-88f4-4804-9419-be915e4baaa2.webp [33m404[0m 3.412 ms - 119[0m
[0mGET /uploads/seed-1774693481104-17-a71f0742-ec91-4221-9090-3b6ff7c03b26.webp [33m404[0m 4.425 ms - 119[0m
[0mGET /uploads/seed-1774693480890-16-77a10de9-bab2-4ae4-866a-7ddb6d3f8604.webp [33m404[0m 4.679 ms - 119[0m
[0mGET /uploads/seed-1774693480646-15-52c4006d-485e-425e-80ff-5d6e2d582845.webp [33m404[0m 3.418 ms - 119[0m
[0mGET /uploads/seed-1774693480505-14-7a0414d9-8de0-4fe4-b572-a57de09e4ba3.webp [33m404[0m 5.964 ms - 119[0m
[0mGET /uploads/seed-1774693480250-13-e61f4788-c7f4-4c22-b142-32c1df9b8694.webp [33m404[0m 6.993 ms - 119[0m
[0mGET /uploads/seed-1774693479961-12-266eae54-32f7-4623-89aa-bf9acd1404fb.webp [33m404[0m 1.990 ms - 119[0m
[0mGET /uploads/seed-1774693479700-11-d95a5af0-247d-428e-9b29-24ddfef51302.webp [33m404[0m 3.730 ms - 119[0m
[0mGET /uploads/seed-1774693479424-10-76215468-d1fb-46e2-8932-dfa6889f342a.webp [33m404[0m 4.250 ms - 119[0m
[0mGET /uploads/seed-1774693479095-9-dca798c1-4449-4249-829c-ad33a93e4b65.webp [33m404[0m 1.478 ms - 118[0m
[0mGET /uploads/seed-1774693478949-8-a6b0e260-3c25-41a8-ab76-2c72908aa7fa.webp [33m404[0m 2.040 ms - 118[0m
[0mGET /uploads/seed-1774693478764-7-7b38b595-1180-4d1b-8984-34684c71d10f.webp [33m404[0m 3.236 ms - 118[0m
[0mGET /uploads/seed-1774693478461-6-da9a0a0c-7577-4343-a5a1-1f179d1f2087.webp [33m404[0m 2.398 ms - 118[0m
[0mGET /uploads/seed-1774693478160-5-f6714878-9c1b-4a9e-ad91-88e592fb318c.webp [33m404[0m 4.041 ms - 118[0m
[0mGET /uploads/seed-1774693475509-4-eacd2e64-2c2a-4cf0-949f-19176691fcec.webp [33m404[0m 4.474 ms - 118[0m
[0mGET /uploads/seed-1774693475333-3-155ffeb8-527a-479c-945f-ab957c93fdd0.webp [33m404[0m 1.610 ms - 118[0m
[0mGET /uploads/seed-1774693473364-2-41ca57f0-eab7-4620-aa60-737aaa3d9d6b.webp [33m404[0m 1.862 ms - 118[0m
[0mGET /uploads/seed-1774693473063-1-9d448440-9bfc-4f74-a9a6-65cb20125f8f.webp [33m404[0m 2.152 ms - 118[0m
[0mGET /uploads/tour-1774728306602-d9a3a640-8196-41a7-b5d4-fc0cebad161f.webp [33m404[0m 159.589 ms - 116[0m
[0mGET /uploads/seed-1774693486090-21-1a3a6ef6-3238-4a40-8a68-66c61fcf4168.webp [33m404[0m 3.172 ms - 119[0m
[0mGET /uploads/seed-1774693490750-25-b3749cb6-6f78-4fed-8999-506c6c86a6b6.webp [33m404[0m 176.035 ms - 119[0m
[0mGET /uploads/tour-1774694696771-ccb2159f-9945-441f-a117-cdbd3269a511.webp [33m404[0m 180.684 ms - 116[0m
[0mGET /uploads/seed-1774693481104-17-a71f0742-ec91-4221-9090-3b6ff7c03b26.webp [33m404[0m 12.245 ms - 119[0m
[0mGET /uploads/seed-1774693482400-18-3b221abf-88f4-4804-9419-be915e4baaa2.webp [33m404[0m 10.446 ms - 119[0m
[0mGET /uploads/seed-1774693484582-19-68883af9-cd6d-4ebf-9ff3-82c650bf453e.webp [33m404[0m 13.064 ms - 119[0m
[0mGET /uploads/seed-1774693485932-20-ae0a77a1-e506-425a-b9a6-de095f240d1c.webp [33m404[0m 11.724 ms - 119[0m
[0mGET /uploads/seed-1774693480890-16-77a10de9-bab2-4ae4-866a-7ddb6d3f8604.webp [33m404[0m 13.166 ms - 119[0m
[0mGET /uploads/seed-1774693480646-15-52c4006d-485e-425e-80ff-5d6e2d582845.webp [33m404[0m 12.496 ms - 119[0m
[0mGET /uploads/seed-1774693490446-24-0820f445-572b-4ac3-96d0-825dcfa0a44e.webp [33m404[0m 244.828 ms - 119[0m
[0mGET /uploads/seed-1774693486349-22-4a143c13-81d1-4eee-bc93-cde2e4850e82.webp [33m404[0m 259.149 ms - 119[0m
[0mGET /uploads/seed-1774693488166-23-eab2416e-c671-4c0d-ae3f-037391e4433d.webp [33m404[0m 264.504 ms - 119[0m
[0mGET /uploads/seed-1774693480505-14-7a0414d9-8de0-4fe4-b572-a57de09e4ba3.webp [33m404[0m 17.833 ms - 119[0m
[0mGET /uploads/seed-1774693480250-13-e61f4788-c7f4-4c22-b142-32c1df9b8694.webp [33m404[0m 14.568 ms - 119[0m
[0mGET /uploads/seed-1774693479961-12-266eae54-32f7-4623-89aa-bf9acd1404fb.webp [33m404[0m 17.114 ms - 119[0m
[0mGET /uploads/seed-1774693479700-11-d95a5af0-247d-428e-9b29-24ddfef51302.webp [33m404[0m 22.404 ms - 119[0m
[0mGET /uploads/seed-1774693479424-10-76215468-d1fb-46e2-8932-dfa6889f342a.webp [33m404[0m 14.931 ms - 119[0m
[0mGET /uploads/seed-1774693479095-9-dca798c1-4449-4249-829c-ad33a93e4b65.webp [33m404[0m 13.477 ms - 118[0m
[0mGET /uploads/seed-1774693478949-8-a6b0e260-3c25-41a8-ab76-2c72908aa7fa.webp [33m404[0m 18.172 ms - 118[0m
[0mGET /uploads/seed-1774693478764-7-7b38b595-1180-4d1b-8984-34684c71d10f.webp [33m404[0m 15.582 ms - 118[0m
[0mGET /uploads/seed-1774693478461-6-da9a0a0c-7577-4343-a5a1-1f179d1f2087.webp [33m404[0m 17.254 ms - 118[0m
[0mGET /uploads/seed-1774693478160-5-f6714878-9c1b-4a9e-ad91-88e592fb318c.webp [33m404[0m 13.876 ms - 118[0m
[0mGET /uploads/seed-1774693475509-4-eacd2e64-2c2a-4cf0-949f-19176691fcec.webp [33m404[0m 5.576 ms - 118[0m
[0mGET /api/users [36m304[0m 5.682 ms - -[0m
[0mGET /api/users [36m304[0m 2.302 ms - -[0m
[0mGET /uploads/tour-1774728306602-d9a3a640-8196-41a7-b5d4-fc0cebad161f.webp [33m404[0m 5.619 ms - 116[0m
[0mGET /uploads/tour-1774694696771-ccb2159f-9945-441f-a117-cdbd3269a511.webp [33m404[0m 8.868 ms - 116[0m
[0mGET /uploads/seed-1774693490750-25-b3749cb6-6f78-4fed-8999-506c6c86a6b6.webp [33m404[0m 11.228 ms - 119[0m
[0mGET /uploads/seed-1774693486349-22-4a143c13-81d1-4eee-bc93-cde2e4850e82.webp [33m404[0m 8.238 ms - 119[0m
[0mGET /uploads/seed-1774693490446-24-0820f445-572b-4ac3-96d0-825dcfa0a44e.webp [33m404[0m 10.688 ms - 119[0m
[0mGET /uploads/seed-1774693488166-23-eab2416e-c671-4c0d-ae3f-037391e4433d.webp [33m404[0m 17.576 ms - 119[0m
[0mGET /uploads/seed-1774693486090-21-1a3a6ef6-3238-4a40-8a68-66c61fcf4168.webp [33m404[0m 8.618 ms - 119[0m
[0mGET /uploads/seed-1774693485932-20-ae0a77a1-e506-425a-b9a6-de095f240d1c.webp [33m404[0m 8.571 ms - 119[0m
[0mGET /uploads/seed-1774693484582-19-68883af9-cd6d-4ebf-9ff3-82c650bf453e.webp [33m404[0m 11.724 ms - 119[0m
[0mGET /uploads/seed-1774693482400-18-3b221abf-88f4-4804-9419-be915e4baaa2.webp [33m404[0m 1.625 ms - 119[0m
[0mGET /uploads/seed-1774693481104-17-a71f0742-ec91-4221-9090-3b6ff7c03b26.webp [33m404[0m 3.320 ms - 119[0m
[0mGET /uploads/seed-1774693480890-16-77a10de9-bab2-4ae4-866a-7ddb6d3f8604.webp [33m404[0m 5.546 ms - 119[0m
[0mGET /uploads/seed-1774693480646-15-52c4006d-485e-425e-80ff-5d6e2d582845.webp [33m404[0m 7.834 ms - 119[0m
[0mGET /uploads/seed-1774693480505-14-7a0414d9-8de0-4fe4-b572-a57de09e4ba3.webp [33m404[0m 16.573 ms - 119[0m
[0mGET /uploads/seed-1774693480250-13-e61f4788-c7f4-4c22-b142-32c1df9b8694.webp [33m404[0m 2.643 ms - 119[0m
[0mGET /uploads/seed-1774693479961-12-266eae54-32f7-4623-89aa-bf9acd1404fb.webp [33m404[0m 2.181 ms - 119[0m
[0mGET /uploads/seed-1774693479700-11-d95a5af0-247d-428e-9b29-24ddfef51302.webp [33m404[0m 2.742 ms - 119[0m
[0mGET /uploads/seed-1774693479424-10-76215468-d1fb-46e2-8932-dfa6889f342a.webp [33m404[0m 4.555 ms - 119[0m
[0mGET /uploads/seed-1774693479095-9-dca798c1-4449-4249-829c-ad33a93e4b65.webp [33m404[0m 14.332 ms - 118[0m
[0mGET /uploads/seed-1774693478949-8-a6b0e260-3c25-41a8-ab76-2c72908aa7fa.webp [33m404[0m 16.547 ms - 118[0m
[0mGET /uploads/seed-1774693478764-7-7b38b595-1180-4d1b-8984-34684c71d10f.webp [33m404[0m 17.354 ms - 118[0m
[0mGET /uploads/seed-1774693478461-6-da9a0a0c-7577-4343-a5a1-1f179d1f2087.webp [33m404[0m 14.458 ms - 118[0m
[0mGET /uploads/seed-1774693478160-5-f6714878-9c1b-4a9e-ad91-88e592fb318c.webp [33m404[0m 21.067 ms - 118[0m
[0mGET /uploads/seed-1774693475509-4-eacd2e64-2c2a-4cf0-949f-19176691fcec.webp [33m404[0m 16.963 ms - 118[0m
[0mGET /uploads/seed-1774693475333-3-155ffeb8-527a-479c-945f-ab957c93fdd0.webp [33m404[0m 3.453 ms - 118[0m
[0mGET /uploads/seed-1774693473364-2-41ca57f0-eab7-4620-aa60-737aaa3d9d6b.webp [33m404[0m 16.493 ms - 118[0m
[0mGET /uploads/seed-1774693473063-1-9d448440-9bfc-4f74-a9a6-65cb20125f8f.webp [33m404[0m 21.013 ms - 118[0m
[0mGET /api/users [0m-[0m - ms - -[0m
[0mGET /api/users [32m200[0m 1.573 ms - 9805[0m
[0mGET /api/users [36m304[0m 1.773 ms - -[0m
[0mGET /uploads/tour-1774694696771-ccb2159f-9945-441f-a117-cdbd3269a511.webp [0m-[0m - ms - -[0m
[0mGET /uploads/tour-1774728306602-d9a3a640-8196-41a7-b5d4-fc0cebad161f.webp [33m404[0m 8.727 ms - 116[0m
[0mGET /api/users [36m304[0m 5.686 ms - -[0m
[0mGET /api/users [32m200[0m 2.727 ms - 9805[0m
[0mGET /api/users [36m304[0m 1.515 ms - -[0m
[0mGET /api/users [36m304[0m 1.695 ms - -[0m
[0mGET /api/users [36m304[0m 1.626 ms - -[0m
[0mGET /api/users [36m304[0m 1.573 ms - -[0m
[0mGET /api/users [36m304[0m 1.770 ms - -[0m
[0mGET /uploads/tour-1774728306602-d9a3a640-8196-41a7-b5d4-fc0cebad161f.webp [33m404[0m 2.576 ms - 116[0m
[0mGET /uploads/tour-1774694696771-ccb2159f-9945-441f-a117-cdbd3269a511.webp [33m404[0m 5.215 ms - 116[0m
[0mGET /uploads/seed-1774693490750-25-b3749cb6-6f78-4fed-8999-506c6c86a6b6.webp [33m404[0m 5.856 ms - 119[0m
[0mGET /uploads/seed-1774693490446-24-0820f445-572b-4ac3-96d0-825dcfa0a44e.webp [33m404[0m 2.135 ms - 119[0m
[0mGET /uploads/seed-1774693488166-23-eab2416e-c671-4c0d-ae3f-037391e4433d.webp [33m404[0m 3.365 ms - 119[0m
[0mGET /uploads/seed-1774693486349-22-4a143c13-81d1-4eee-bc93-cde2e4850e82.webp [33m404[0m 53.767 ms - 119[0m
[0mGET /uploads/seed-1774693486090-21-1a3a6ef6-3238-4a40-8a68-66c61fcf4168.webp [33m404[0m 1.856 ms - 119[0m
[0mGET /uploads/seed-1774693485932-20-ae0a77a1-e506-425a-b9a6-de095f240d1c.webp [33m404[0m 4.571 ms - 119[0m
[0mGET /uploads/seed-1774693484582-19-68883af9-cd6d-4ebf-9ff3-82c650bf453e.webp [33m404[0m 5.114 ms - 119[0m
[0mGET /uploads/seed-1774693482400-18-3b221abf-88f4-4804-9419-be915e4baaa2.webp [33m404[0m 1.332 ms - 119[0m
[0mGET /uploads/seed-1774693481104-17-a71f0742-ec91-4221-9090-3b6ff7c03b26.webp [33m404[0m 6.410 ms - 119[0m
[0mGET /uploads/seed-1774693480890-16-77a10de9-bab2-4ae4-866a-7ddb6d3f8604.webp [33m404[0m 8.636 ms - 119[0m
[0mGET /uploads/seed-1774693480646-15-52c4006d-485e-425e-80ff-5d6e2d582845.webp [33m404[0m 2.760 ms - 119[0m
[0mGET /uploads/seed-1774693480505-14-7a0414d9-8de0-4fe4-b572-a57de09e4ba3.webp [33m404[0m 3.740 ms - 119[0m
[0mGET /uploads/seed-1774693480250-13-e61f4788-c7f4-4c22-b142-32c1df9b8694.webp [33m404[0m 2.469 ms - 119[0m
[0mGET /uploads/seed-1774693479961-12-266eae54-32f7-4623-89aa-bf9acd1404fb.webp [33m404[0m 1.473 ms - 119[0m
[0mGET /uploads/seed-1774693479700-11-d95a5af0-247d-428e-9b29-24ddfef51302.webp [33m404[0m 2.857 ms - 119[0m
[0mGET /uploads/seed-1774693479424-10-76215468-d1fb-46e2-8932-dfa6889f342a.webp [33m404[0m 2.323 ms - 119[0m
[0mGET /uploads/seed-1774693479095-9-dca798c1-4449-4249-829c-ad33a93e4b65.webp [33m404[0m 1.438 ms - 118[0m
[0mGET /uploads/seed-1774693478949-8-a6b0e260-3c25-41a8-ab76-2c72908aa7fa.webp [33m404[0m 1.668 ms - 118[0m
[0mGET /uploads/seed-1774693478764-7-7b38b595-1180-4d1b-8984-34684c71d10f.webp [33m404[0m 1.903 ms - 118[0m
[0mGET /uploads/seed-1774693478461-6-da9a0a0c-7577-4343-a5a1-1f179d1f2087.webp [33m404[0m 2.654 ms - 118[0m
[0mGET /uploads/seed-1774693478160-5-f6714878-9c1b-4a9e-ad91-88e592fb318c.webp [33m404[0m 5.380 ms - 118[0m
[0mGET /uploads/seed-1774693475509-4-eacd2e64-2c2a-4cf0-949f-19176691fcec.webp [33m404[0m 5.314 ms - 118[0m
[0mGET /uploads/seed-1774693475333-3-155ffeb8-527a-479c-945f-ab957c93fdd0.webp [33m404[0m 1.847 ms - 118[0m
[0mGET /uploads/seed-1774693473364-2-41ca57f0-eab7-4620-aa60-737aaa3d9d6b.webp [33m404[0m 3.375 ms - 118[0m
[0mGET /uploads/seed-1774693473063-1-9d448440-9bfc-4f74-a9a6-65cb20125f8f.webp [33m404[0m 2.258 ms - 118[0m
[0mGET /api/users [32m200[0m 79.707 ms - 13993[0m
[0mGET /api/users [36m304[0m 2.405 ms - -[0m
[0mGET /uploads/tour-1780242864478-2f23ff62-e3de-48ad-a46d-a6b136739fcb.webp [32m200[0m 18.803 ms - 333972[0m
[0mGET /uploads/tour-1780242862419-d99a698b-a462-4ad7-9ca0-8b81c7c72a37.webp [32m200[0m 31.049 ms - 292070[0m
[0mGET /uploads/tour-1774728306602-d9a3a640-8196-41a7-b5d4-fc0cebad161f.webp [33m404[0m 23.199 ms - 116[0m
[0mGET /uploads/tour-1774694696771-ccb2159f-9945-441f-a117-cdbd3269a511.webp [33m404[0m 1.816 ms - 116[0m
[0mGET /uploads/seed-1774693485932-20-ae0a77a1-e506-425a-b9a6-de095f240d1c.webp [33m404[0m 4.501 ms - 119[0m
[0mGET /uploads/seed-1774693482400-18-3b221abf-88f4-4804-9419-be915e4baaa2.webp [33m404[0m 9.050 ms - 119[0m
[0mGET /uploads/seed-1774693484582-19-68883af9-cd6d-4ebf-9ff3-82c650bf453e.webp [33m404[0m 10.421 ms - 119[0m
[0mGET /uploads/tour-1780242864096-21da51f8-e4f5-4648-aa60-e0afda990004.webp [32m200[0m 223.477 ms - 1677518[0m
[0mGET /uploads/tour-1780242862234-c414fee3-31e3-4ee4-81de-9225ae08ddee.webp [32m200[0m 203.542 ms - 92984[0m
[0mGET /uploads/seed-1774693480890-16-77a10de9-bab2-4ae4-866a-7ddb6d3f8604.webp [33m404[0m 12.916 ms - 119[0m
[0mGET /uploads/seed-1774693481104-17-a71f0742-ec91-4221-9090-3b6ff7c03b26.webp [33m404[0m 4.467 ms - 119[0m
[0mGET /uploads/seed-1774693490750-25-b3749cb6-6f78-4fed-8999-506c6c86a6b6.webp [33m404[0m 4.608 ms - 119[0m
[0mGET /uploads/seed-1774693490446-24-0820f445-572b-4ac3-96d0-825dcfa0a44e.webp [33m404[0m 5.615 ms - 119[0m
[0mGET /uploads/tour-1780242862128-82efbcb5-f48d-4019-90f0-748627d3e694.webp [32m200[0m 251.431 ms - 322156[0m
[0mGET /uploads/seed-1774693488166-23-eab2416e-c671-4c0d-ae3f-037391e4433d.webp [33m404[0m 17.872 ms - 119[0m
[0mGET /uploads/seed-1774693486349-22-4a143c13-81d1-4eee-bc93-cde2e4850e82.webp [33m404[0m 30.755 ms - 119[0m
[0mGET /uploads/tour-1780242861920-b89fb1a7-0049-4875-828f-082d4ccda301.webp [32m200[0m 289.927 ms - 1472940[0m
[0mGET /uploads/seed-1774693486090-21-1a3a6ef6-3238-4a40-8a68-66c61fcf4168.webp [33m404[0m 208.305 ms - 119[0m
[0mGET /uploads/seed-1774693480646-15-52c4006d-485e-425e-80ff-5d6e2d582845.webp [33m404[0m 29.863 ms - 119[0m
[0mGET /uploads/seed-1774693480505-14-7a0414d9-8de0-4fe4-b572-a57de09e4ba3.webp [33m404[0m 29.809 ms - 119[0m
[0mGET /uploads/seed-1774693480250-13-e61f4788-c7f4-4c22-b142-32c1df9b8694.webp [33m404[0m 12.491 ms - 119[0m
[0mGET /uploads/seed-1774693479961-12-266eae54-32f7-4623-89aa-bf9acd1404fb.webp [33m404[0m 11.436 ms - 119[0m
[0mGET /uploads/seed-1774693479700-11-d95a5af0-247d-428e-9b29-24ddfef51302.webp [33m404[0m 7.676 ms - 119[0m
[0mGET /uploads/seed-1774693479424-10-76215468-d1fb-46e2-8932-dfa6889f342a.webp [33m404[0m 7.027 ms - 119[0m
[0mGET /uploads/seed-1774693479095-9-dca798c1-4449-4249-829c-ad33a93e4b65.webp [33m404[0m 3.465 ms - 118[0m
[0mGET /uploads/seed-1774693478949-8-a6b0e260-3c25-41a8-ab76-2c72908aa7fa.webp [33m404[0m 4.549 ms - 118[0m
[0mGET /uploads/seed-1774693478764-7-7b38b595-1180-4d1b-8984-34684c71d10f.webp [33m404[0m 5.508 ms - 118[0m
[0mGET /uploads/seed-1774693478461-6-da9a0a0c-7577-4343-a5a1-1f179d1f2087.webp [33m404[0m 5.293 ms - 118[0m
[0mGET /uploads/seed-1774693478160-5-f6714878-9c1b-4a9e-ad91-88e592fb318c.webp [33m404[0m 3.663 ms - 118[0m
[0mGET /uploads/seed-1774693475509-4-eacd2e64-2c2a-4cf0-949f-19176691fcec.webp [33m404[0m 3.807 ms - 118[0m
[0mGET /uploads/seed-1774693475333-3-155ffeb8-527a-479c-945f-ab957c93fdd0.webp [33m404[0m 4.487 ms - 118[0m
[0mGET /uploads/seed-1774693473364-2-41ca57f0-eab7-4620-aa60-737aaa3d9d6b.webp [33m404[0m 8.470 ms - 118[0m
[0mGET /uploads/seed-1774693473063-1-9d448440-9bfc-4f74-a9a6-65cb20125f8f.webp [33m404[0m 12.391 ms - 118[0m
[0mGET /uploads/tour-1780242866522-1931e443-a329-4a7a-9211-0f41f5325283.webp [32m200[0m 6.507 ms - 326880[0m
[0mGET /uploads/tour-1780242866204-b9a97378-20cd-4d72-928a-a874dbf8cecf.webp [32m200[0m 13.331 ms - 321984[0m
[0mGET /uploads/tour-1780242865877-3fb4a963-8153-40b2-8d52-5d1c6eef0fce.webp [32m200[0m 31.591 ms - 1100382[0m
[0mGET /uploads/tour-1780242867060-748c1cd7-2b35-4987-8d35-e69bf05b21da.webp [32m200[0m 6.680 ms - 200222[0m
[0mGET /uploads/tour-1780242866800-77f8e3f5-2af9-47f4-aef0-f50c63e6a498.webp [32m200[0m 13.639 ms - 260684[0m
[0mGET /uploads/tour-1780242868212-beaaa609-0b68-4184-9fb7-0f80607b7274.webp [32m200[0m 30.930 ms - 1236012[0m
[0mGET /api/health [32m200[0m 0.293 ms - 52[0m
[0mGET /api/health [32m200[0m 0.136 ms - 52[0m
[0mGET /api/users [36m304[0m 145.891 ms - -[0m
[0mGET /api/users [36m304[0m 3.440 ms - -[0m
[0mGET /uploads/tour-1774728306602-d9a3a640-8196-41a7-b5d4-fc0cebad161f.webp [33m404[0m 6.788 ms - 116[0m
[0mGET /uploads/seed-1774693490750-25-b3749cb6-6f78-4fed-8999-506c6c86a6b6.webp [33m404[0m 48.538 ms - 119[0m
[0mGET /uploads/seed-1774693486090-21-1a3a6ef6-3238-4a40-8a68-66c61fcf4168.webp [33m404[0m 9.939 ms - 119[0m
[0mGET /uploads/seed-1774693485932-20-ae0a77a1-e506-425a-b9a6-de095f240d1c.webp [33m404[0m 2.402 ms - 119[0m
[0mGET /uploads/tour-1774694696771-ccb2159f-9945-441f-a117-cdbd3269a511.webp [33m404[0m 138.648 ms - 116[0m
[0mGET /uploads/seed-1774693490446-24-0820f445-572b-4ac3-96d0-825dcfa0a44e.webp [33m404[0m 161.448 ms - 119[0m
[0mGET /uploads/seed-1774693486349-22-4a143c13-81d1-4eee-bc93-cde2e4850e82.webp [33m404[0m 152.511 ms - 119[0m
[0mGET /uploads/seed-1774693484582-19-68883af9-cd6d-4ebf-9ff3-82c650bf453e.webp [33m404[0m 93.405 ms - 119[0m
[0mGET /uploads/seed-1774693488166-23-eab2416e-c671-4c0d-ae3f-037391e4433d.webp [33m404[0m 172.070 ms - 119[0m
[0mGET /api/users [36m304[0m 116.449 ms - -[0m
[0mGET /api/users [36m304[0m 1.997 ms - -[0m
[0mGET /uploads/tour-1774728306602-d9a3a640-8196-41a7-b5d4-fc0cebad161f.webp [33m404[0m 2.727 ms - 116[0m
[0mGET /uploads/tour-1774694696771-ccb2159f-9945-441f-a117-cdbd3269a511.webp [33m404[0m 5.031 ms - 116[0m
[0mGET /uploads/seed-1774693490446-24-0820f445-572b-4ac3-96d0-825dcfa0a44e.webp [33m404[0m 26.462 ms - 119[0m
[0mGET /uploads/seed-1774693484582-19-68883af9-cd6d-4ebf-9ff3-82c650bf453e.webp [33m404[0m 2.251 ms - 119[0m
[0mGET /uploads/seed-1774693490750-25-b3749cb6-6f78-4fed-8999-506c6c86a6b6.webp [33m404[0m 145.925 ms - 119[0m
[0mGET /uploads/seed-1774693485932-20-ae0a77a1-e506-425a-b9a6-de095f240d1c.webp [33m404[0m 185.132 ms - 119[0m
[0mGET /uploads/seed-1774693486349-22-4a143c13-81d1-4eee-bc93-cde2e4850e82.webp [33m404[0m 211.992 ms - 119[0m
[0mGET /uploads/seed-1774693482400-18-3b221abf-88f4-4804-9419-be915e4baaa2.webp [33m404[0m 49.728 ms - 119[0m
[0mGET /uploads/seed-1774693481104-17-a71f0742-ec91-4221-9090-3b6ff7c03b26.webp [33m404[0m 90.229 ms - 119[0m
[0mGET /uploads/seed-1774693480890-16-77a10de9-bab2-4ae4-866a-7ddb6d3f8604.webp [33m404[0m 24.918 ms - 119[0m
[0mGET /uploads/seed-1774693486090-21-1a3a6ef6-3238-4a40-8a68-66c61fcf4168.webp [33m404[0m 352.435 ms - 119[0m
[0mGET /uploads/seed-1774693488166-23-eab2416e-c671-4c0d-ae3f-037391e4433d.webp [33m404[0m 389.443 ms - 119[0m
[0mGET /uploads/seed-1774693480646-15-52c4006d-485e-425e-80ff-5d6e2d582845.webp [33m404[0m 4.565 ms - 119[0m
[0mGET /uploads/seed-1774693480505-14-7a0414d9-8de0-4fe4-b572-a57de09e4ba3.webp [33m404[0m 11.653 ms - 119[0m
[0mGET /uploads/seed-1774693480250-13-e61f4788-c7f4-4c22-b142-32c1df9b8694.webp [33m404[0m 12.333 ms - 119[0m
[0mGET /uploads/seed-1774693479961-12-266eae54-32f7-4623-89aa-bf9acd1404fb.webp [33m404[0m 10.082 ms - 119[0m
[0mGET /uploads/seed-1774693479700-11-d95a5af0-247d-428e-9b29-24ddfef51302.webp [33m404[0m 10.959 ms - 119[0m
[0mGET /uploads/seed-1774693479424-10-76215468-d1fb-46e2-8932-dfa6889f342a.webp [33m404[0m 10.090 ms - 119[0m
[0mPOST /api/upload [32m201[0m 85.578 ms - 247[0m
[0mPOST /api/user [32m201[0m 12.966 ms - 391[0m
[0mGET /api/users [32m200[0m 2.023 ms - 14316[0m
[0mGET /uploads/tour-1780243971965-cb9c0871-6b37-4db6-8ac8-6818eff82885.webp [32m200[0m 5.138 ms - 25072[0m
[0mGET /uploads/tour-1774694696771-ccb2159f-9945-441f-a117-cdbd3269a511.webp [33m404[0m 68.932 ms - 116[0m
[0mGET /uploads/tour-1774728306602-d9a3a640-8196-41a7-b5d4-fc0cebad161f.webp [33m404[0m 74.635 ms - 116[0m
[0mGET /uploads/seed-1774693490750-25-b3749cb6-6f78-4fed-8999-506c6c86a6b6.webp [33m404[0m 1.234 ms - 119[0m
[0mGET /uploads/seed-1774693490446-24-0820f445-572b-4ac3-96d0-825dcfa0a44e.webp [33m404[0m 1.158 ms - 119[0m
[0mGET /uploads/seed-1774693488166-23-eab2416e-c671-4c0d-ae3f-037391e4433d.webp [33m404[0m 1.481 ms - 119[0m
[0mGET /uploads/seed-1774693486349-22-4a143c13-81d1-4eee-bc93-cde2e4850e82.webp [33m404[0m 1.854 ms - 119[0m
[0mGET /uploads/seed-1774693486090-21-1a3a6ef6-3238-4a40-8a68-66c61fcf4168.webp [33m404[0m 4.525 ms - 119[0m
[0mGET /uploads/seed-1774693485932-20-ae0a77a1-e506-425a-b9a6-de095f240d1c.webp [33m404[0m 5.681 ms - 119[0m
[0mGET /uploads/seed-1774693484582-19-68883af9-cd6d-4ebf-9ff3-82c650bf453e.webp [33m404[0m 70.801 ms - 119[0m
[0mGET /uploads/seed-1774693482400-18-3b221abf-88f4-4804-9419-be915e4baaa2.webp [33m404[0m 82.613 ms - 119[0m
[0mGET /uploads/seed-1774693481104-17-a71f0742-ec91-4221-9090-3b6ff7c03b26.webp [33m404[0m 82.799 ms - 119[0m
[0mGET /uploads/seed-1774693480890-16-77a10de9-bab2-4ae4-866a-7ddb6d3f8604.webp [33m404[0m 3.152 ms - 119[0m
[0mGET /uploads/seed-1774693480646-15-52c4006d-485e-425e-80ff-5d6e2d582845.webp [33m404[0m 5.607 ms - 119[0m
[0mGET /uploads/seed-1774693480505-14-7a0414d9-8de0-4fe4-b572-a57de09e4ba3.webp [33m404[0m 5.880 ms - 119[0m
[0mGET /uploads/seed-1774693480250-13-e61f4788-c7f4-4c22-b142-32c1df9b8694.webp [33m404[0m 1.076 ms - 119[0m
[0mGET /uploads/seed-1774693479961-12-266eae54-32f7-4623-89aa-bf9acd1404fb.webp [33m404[0m 1.262 ms - 119[0m
[0mGET /uploads/seed-1774693479700-11-d95a5af0-247d-428e-9b29-24ddfef51302.webp [33m404[0m 1.576 ms - 119[0m
[0mGET /api/users [32m200[0m 37.313 ms - 14316[0m
[0mGET /api/users [36m304[0m 87.608 ms - -[0m
[0mGET /api/users [36m304[0m 1.821 ms - -[0m
[0mGET /api/users [32m200[0m 1.239 ms - 14316[0m
[0mGET /uploads/seed-1774693473063-1-9d448440-9bfc-4f74-a9a6-65cb20125f8f.webp [33m404[0m 2.011 ms - 118[0m
[0mGET /uploads/tour-1774728306602-d9a3a640-8196-41a7-b5d4-fc0cebad161f.webp [33m404[0m 70.949 ms - 116[0m
[0mGET /uploads/tour-1774694696771-ccb2159f-9945-441f-a117-cdbd3269a511.webp [33m404[0m 74.061 ms - 116[0m
[0mGET /uploads/seed-1774693490750-25-b3749cb6-6f78-4fed-8999-506c6c86a6b6.webp [33m404[0m 3.522 ms - 119[0m
[0mGET /uploads/seed-1774693490446-24-0820f445-572b-4ac3-96d0-825dcfa0a44e.webp [33m404[0m 4.033 ms - 119[0m
[0mGET /uploads/seed-1774693488166-23-eab2416e-c671-4c0d-ae3f-037391e4433d.webp [33m404[0m 47.458 ms - 119[0m
[0mGET /uploads/seed-1774693486349-22-4a143c13-81d1-4eee-bc93-cde2e4850e82.webp [33m404[0m 2.087 ms - 119[0m
[0mGET /uploads/seed-1774693486090-21-1a3a6ef6-3238-4a40-8a68-66c61fcf4168.webp [33m404[0m 3.579 ms - 119[0m
[0mGET /uploads/seed-1774693485932-20-ae0a77a1-e506-425a-b9a6-de095f240d1c.webp [33m404[0m 4.668 ms - 119[0m
[0mGET /uploads/seed-1774693484582-19-68883af9-cd6d-4ebf-9ff3-82c650bf453e.webp [33m404[0m 5.223 ms - 119[0m
[0mGET /uploads/seed-1774693481104-17-a71f0742-ec91-4221-9090-3b6ff7c03b26.webp [33m404[0m 5.519 ms - 119[0m
[0mGET /uploads/seed-1774693482400-18-3b221abf-88f4-4804-9419-be915e4baaa2.webp [33m404[0m 50.842 ms - 119[0m
[0mGET /uploads/seed-1774693480890-16-77a10de9-bab2-4ae4-866a-7ddb6d3f8604.webp [33m404[0m 1.365 ms - 119[0m
[0mGET /uploads/seed-1774693480646-15-52c4006d-485e-425e-80ff-5d6e2d582845.webp [33m404[0m 2.237 ms - 119[0m
[0mGET /uploads/seed-1774693480505-14-7a0414d9-8de0-4fe4-b572-a57de09e4ba3.webp [33m404[0m 3.005 ms - 119[0m
[0mGET /uploads/seed-1774693480250-13-e61f4788-c7f4-4c22-b142-32c1df9b8694.webp [33m404[0m 1.798 ms - 119[0m
[0mGET /uploads/seed-1774693479961-12-266eae54-32f7-4623-89aa-bf9acd1404fb.webp [33m404[0m 4.546 ms - 119[0m
[0mGET /uploads/seed-1774693479700-11-d95a5af0-247d-428e-9b29-24ddfef51302.webp [33m404[0m 5.212 ms - 119[0m
[0mGET /uploads/seed-1774693479424-10-76215468-d1fb-46e2-8932-dfa6889f342a.webp [33m404[0m 1.649 ms - 119[0m
[0mGET /uploads/seed-1774693479095-9-dca798c1-4449-4249-829c-ad33a93e4b65.webp [33m404[0m 4.361 ms - 118[0m
[0mGET /uploads/seed-1774693478949-8-a6b0e260-3c25-41a8-ab76-2c72908aa7fa.webp [33m404[0m 4.976 ms - 118[0m
[0mGET /uploads/seed-1774693478764-7-7b38b595-1180-4d1b-8984-34684c71d10f.webp [33m404[0m 1.503 ms - 118[0m
[0mGET /uploads/seed-1774693478461-6-da9a0a0c-7577-4343-a5a1-1f179d1f2087.webp [33m404[0m 4.520 ms - 118[0m
[0mGET /uploads/seed-1774693478160-5-f6714878-9c1b-4a9e-ad91-88e592fb318c.webp [33m404[0m 2.195 ms - 118[0m
[0mGET /uploads/seed-1774693475509-4-eacd2e64-2c2a-4cf0-949f-19176691fcec.webp [33m404[0m 1.252 ms - 118[0m
[0mGET /uploads/seed-1774693475333-3-155ffeb8-527a-479c-945f-ab957c93fdd0.webp [33m404[0m 4.348 ms - 118[0m
[0mGET /uploads/seed-1774693473364-2-41ca57f0-eab7-4620-aa60-737aaa3d9d6b.webp [33m404[0m 2.167 ms - 118[0m
[0mGET /uploads/seed-1774693473063-1-9d448440-9bfc-4f74-a9a6-65cb20125f8f.webp [33m404[0m 0.967 ms - 118[0m
[0mGET /api/users [0m-[0m - ms - -[0m
[0mGET /api/users [0m-[0m - ms - -[0m
[0mGET /api/users [32m200[0m 1.349 ms - 5183[0m
[0mGET /api/users [36m304[0m 1.041 ms - -[0m
[0mGET /uploads/tour-1774728306602-d9a3a640-8196-41a7-b5d4-fc0cebad161f.webp [33m404[0m 2.769 ms - 116[0m
[0mGET /uploads/tour-1774694696771-ccb2159f-9945-441f-a117-cdbd3269a511.webp [33m404[0m 3.675 ms - 116[0m
[0mGET /api/users [36m304[0m 1.327 ms - -[0m
[0mGET /api/users [36m304[0m 1.361 ms - -[0m
[0mGET /uploads/tour-1774728306602-d9a3a640-8196-41a7-b5d4-fc0cebad161f.webp [33m404[0m 3.050 ms - 116[0m
[0mGET /uploads/tour-1774694696771-ccb2159f-9945-441f-a117-cdbd3269a511.webp [33m404[0m 3.000 ms - 116[0m
[0mGET /api/users [36m304[0m 1.505 ms - -[0m
[0mGET /api/users [36m304[0m 1.355 ms - -[0m
[0mGET /uploads/tour-1774728306602-d9a3a640-8196-41a7-b5d4-fc0cebad161f.webp [33m404[0m 1.801 ms - 116[0m
[0mGET /uploads/tour-1774694696771-ccb2159f-9945-441f-a117-cdbd3269a511.webp [33m404[0m 3.626 ms - 116[0m
[0mGET /api/users [36m304[0m 1.178 ms - -[0m
[0mGET /api/users [36m304[0m 1.196 ms - -[0m
[0mGET /api/users [36m304[0m 1.216 ms - -[0m
[0mGET /api/users [36m304[0m 0.986 ms - -[0m
[0mGET /api/users [36m304[0m 1.308 ms - -[0m
[0mGET /api/users [36m304[0m 1.186 ms - -[0m
[0mGET /api/users [36m304[0m 1.085 ms - -[0m
[0mGET /api/users [36m304[0m 1.046 ms - -[0m
[0mGET /api/users [36m304[0m 2.515 ms - -[0m
[0mGET /api/users [36m304[0m 1.129 ms - -[0m
[0mGET /api/users [36m304[0m 1.190 ms - -[0m
[0mGET /api/users [36m304[0m 1.227 ms - -[0m
[0mGET /api/users [36m304[0m 2.553 ms - -[0m
[0mGET /api/users [36m304[0m 1.252 ms - -[0m
[0mGET /api/users [36m304[0m 1.346 ms - -[0m
[0mGET /api/users [36m304[0m 1.288 ms - -[0m
[0mGET /uploads/tour-1774728306602-d9a3a640-8196-41a7-b5d4-fc0cebad161f.webp [33m404[0m 1.434 ms - 116[0m
[0mGET /uploads/tour-1774694696771-ccb2159f-9945-441f-a117-cdbd3269a511.webp [33m404[0m 3.760 ms - 116[0m
[0mGET /api/users [0m-[0m - ms - -[0m
[0mGET /api/users [32m200[0m 1.033 ms - 5183[0m
[0mGET /api/users [36m304[0m 0.995 ms - -[0m
[0mGET /api/users [36m304[0m 2.389 ms - -[0m
[0mGET /api/users [36m304[0m 1.297 ms - -[0m
[0mGET /api/users [36m304[0m 1.082 ms - -[0m
[0mGET /api/users [36m304[0m 1.182 ms - -[0m
[0mGET /api/users [36m304[0m 0.913 ms - -[0m
[0mGET /api/users [36m304[0m 1.343 ms - -[0m
[0mGET /api/users [36m304[0m 2.322 ms - -[0m
[0mGET /api/users [36m304[0m 1.309 ms - -[0m
[0mGET /uploads/tour-1774728306602-d9a3a640-8196-41a7-b5d4-fc0cebad161f.webp [33m404[0m 1.831 ms - 116[0m
[0mGET /uploads/tour-1774694696771-ccb2159f-9945-441f-a117-cdbd3269a511.webp [33m404[0m 44.788 ms - 116[0m
[0mGET /api/users [32m200[0m 155.368 ms - 5183[0m
[0mGET /api/users [32m200[0m 46.051 ms - 4547[0m
[0mGET /api/users [36m304[0m 0.852 ms - -[0m
[0mGET /api/users [36m304[0m 52.182 ms - -[0m
[0mGET /api/users [36m304[0m 0.965 ms - -[0m
[0mGET /api/users [36m304[0m 42.238 ms - -[0m
[0mGET /api/users [36m304[0m 0.939 ms - -[0m
